<?xml version="1.0" encoding="UTF-8"?>
<!-- Generated by org.testng.reporters.JUnitReportReporter -->
<testsuite hostname="LAPTOP-G06LN27R" failures="0" tests="1" name="testCases.TC_002_LoginTest" time="0.889" errors="0" timestamp="2022-11-16T09:35:12 AEDT" skipped="0">
  <testcase classname="testCases.TC_002_LoginTest" name="test_login" time="0.889"/>
  <system-out/>
</testsuite> <!-- testCases.TC_002_LoginTest -->
