<?xml version="1.0" encoding="UTF-8"?>
<!-- Generated by org.testng.reporters.JUnitReportReporter -->
<testsuite hostname="LAPTOP-G06LN27R" failures="0" tests="1" name="testCases.TC_002_LoginTest" time="1.347" errors="0" timestamp="2022-11-22T11:55:59 AEDT" skipped="0">
  <testcase classname="testCases.TC_002_LoginTest" name="test_login" time="1.347"/>
  <system-out/>
</testsuite> <!-- testCases.TC_002_LoginTest -->
