<?xml version="1.0" encoding="UTF-8"?>
<!-- Generated by org.testng.reporters.JUnitReportReporter -->
<testsuite hostname="LAPTOP-G06LN27R" failures="0" tests="1" name="testCases.TC_001_AccountRegistrationTest" time="8.003" errors="0" timestamp="2022-11-22T14:33:50 AEDT" skipped="0">
  <testcase classname="testCases.TC_001_AccountRegistrationTest" name="test_account_Registration" time="8.003"/>
  <system-out/>
</testsuite> <!-- testCases.TC_001_AccountRegistrationTest -->
