<?xml version="1.0" encoding="UTF-8"?>
<!-- Generated by org.testng.reporters.JUnitReportReporter -->
<testsuite hostname="LAPTOP-G06LN27R" failures="0" tests="1" name="testCases.TC_001_AccountRegistrationTest" time="7.688" errors="0" timestamp="2022-11-22T12:33:53 AEDT" skipped="0">
  <testcase classname="testCases.TC_001_AccountRegistrationTest" name="test_account_Registration" time="7.688"/>
  <system-out/>
</testsuite> <!-- testCases.TC_001_AccountRegistrationTest -->
